# JRE version: OpenJDK Runtime Environment Temurin-21.0.9+10 (21.0.9+10) (build 21.0.9+10-LTS)
# Java VM: OpenJDK 64-Bit Server VM Temurin-21.0.9+10 (21.0.9+10-LTS, mixed mode, sharing, tiered, compressed oops, compressed class ptrs, parallel gc, windows-amd64)
GC Precious Log:
 CardTable entry size: 512
 CPUs: 16 total, 16 available
 Memory: 16077M
 Large Page Support: Disabled
 NUMA Support: Disabled
 Compressed Oops: Enabled (32-bit)
 Alignments: Space 512K, Generation 512K, Heap 2M
 Heap Min Capacity: 100M
 Heap Initial Capacity: 100M
 Heap Max Capacity: 2G
 Pre-touch: Disabled
 Parallel Workers: 13
Heap:
 PSYoungGen      total 24576K, used 21063K [0x00000000d5580000, 0x00000000d7080000, 0x0000000100000000)
  eden space 22016K, 90% used [0x00000000d5580000,0x00000000d69037d8,0x00000000d6b00000)
  from space 2560K, 42% used [0x00000000d6b80000,0x00000000d6c8e470,0x00000000d6e00000)
  to   space 1536K, 0% used [0x00000000d6f00000,0x00000000d6f00000,0x00000000d7080000)
 ParOldGen       total 68608K, used 23878K [0x0000000080000000, 0x0000000084300000, 0x00000000d5580000)
  object space 68608K, 34% used [0x0000000080000000,0x0000000081751838,0x0000000084300000)
 Metaspace       used 51047K, committed 52224K, reserved 1114112K
  class space    used 5604K, committed 6080K, reserved 1048576K
GC Heap History (20 events):
Event: 5.626 GC heap before
{Heap before GC invocations=12 (full 1):
 PSYoungGen      total 25088K, used 24934K [0x00000000d5580000, 0x00000000d7580000, 0x0000000100000000)
  eden space 23040K, 100% used [0x00000000d5580000,0x00000000d6c00000,0x00000000d6c00000)
  from space 2048K, 92% used [0x00000000d7380000,0x00000000d7559818,0x00000000d7580000)
  to   space 2560K, 0% used [0x00000000d7080000,0x00000000d7080000,0x00000000d7300000)
 ParOldGen       total 68608K, used 14458K [0x0000000080000000, 0x0000000084300000, 0x00000000d5580000)
  object space 68608K, 21% used [0x0000000080000000,0x0000000080e1ea10,0x0000000084300000)
 Metaspace       used 29863K, committed 30784K, reserved 1114112K
  class space    used 2957K, committed 3328K, reserved 1048576K
}
Event: 5.630 GC heap after
{Heap after GC invocations=12 (full 1):
 PSYoungGen      total 24576K, used 1758K [0x00000000d5580000, 0x00000000d7400000, 0x0000000100000000)
  eden space 22528K, 0% used [0x00000000d5580000,0x00000000d5580000,0x00000000d6b80000)
  from space 2048K, 85% used [0x00000000d7080000,0x00000000d72379e0,0x00000000d7280000)
  to   space 1536K, 0% used [0x00000000d7280000,0x00000000d7280000,0x00000000d7400000)
 ParOldGen       total 68608K, used 16248K [0x0000000080000000, 0x0000000084300000, 0x00000000d5580000)
  object space 68608K, 23% used [0x0000000080000000,0x0000000080fde1b8,0x0000000084300000)
 Metaspace       used 29863K, committed 30784K, reserved 1114112K
  class space    used 2957K, committed 3328K, reserved 1048576K
}
Event: 6.037 GC heap before
{Heap before GC invocations=13 (full 1):
 PSYoungGen      total 24576K, used 24286K [0x00000000d5580000, 0x00000000d7400000, 0x0000000100000000)
  eden space 22528K, 100% used [0x00000000d5580000,0x00000000d6b80000,0x00000000d6b80000)
  from space 2048K, 85% used [0x00000000d7080000,0x00000000d72379e0,0x00000000d7280000)
  to   space 1536K, 0% used [0x00000000d7280000,0x00000000d7280000,0x00000000d7400000)
 ParOldGen       total 68608K, used 16248K [0x0000000080000000, 0x0000000084300000, 0x00000000d5580000)
  object space 68608K, 23% used [0x0000000080000000,0x0000000080fde1b8,0x0000000084300000)
 Metaspace       used 33136K, committed 34176K, reserved 1114112K
  class space    used 3355K, committed 3776K, reserved 1048576K
}
Event: 6.041 GC heap after
{Heap after GC invocations=13 (full 1):
 PSYoungGen      total 23552K, used 1524K [0x00000000d5580000, 0x00000000d7400000, 0x0000000100000000)
  eden space 22016K, 0% used [0x00000000d5580000,0x00000000d5580000,0x00000000d6b00000)
  from space 1536K, 99% used [0x00000000d7280000,0x00000000d73fd138,0x00000000d7400000)
  to   space 3584K, 0% used [0x00000000d6d00000,0x00000000d6d00000,0x00000000d7080000)
 ParOldGen       total 68608K, used 17792K [0x0000000080000000, 0x0000000084300000, 0x00000000d5580000)
  object space 68608K, 25% used [0x0000000080000000,0x0000000081160268,0x0000000084300000)
 Metaspace       used 33136K, committed 34176K, reserved 1114112K
  class space    used 3355K, committed 3776K, reserved 1048576K
}
Event: 6.229 GC heap before
{Heap before GC invocations=14 (full 1):
 PSYoungGen      total 23552K, used 18651K [0x00000000d5580000, 0x00000000d7400000, 0x0000000100000000)
  eden space 22016K, 77% used [0x00000000d5580000,0x00000000d6639b10,0x00000000d6b00000)
  from space 1536K, 99% used [0x00000000d7280000,0x00000000d73fd138,0x00000000d7400000)
  to   space 3584K, 0% used [0x00000000d6d00000,0x00000000d6d00000,0x00000000d7080000)
 ParOldGen       total 68608K, used 17792K [0x0000000080000000, 0x0000000084300000, 0x00000000d5580000)
  object space 68608K, 25% used [0x0000000080000000,0x0000000081160268,0x0000000084300000)
 Metaspace       used 34916K, committed 35840K, reserved 1114112K
  class space    used 3579K, committed 3968K, reserved 1048576K
}
Event: 6.232 GC heap after
{Heap after GC invocations=14 (full 1):
 PSYoungGen      total 25600K, used 1536K [0x00000000d5580000, 0x00000000d7300000, 0x0000000100000000)
  eden space 22016K, 0% used [0x00000000d5580000,0x00000000d5580000,0x00000000d6b00000)
  from space 3584K, 42% used [0x00000000d6d00000,0x00000000d6e80000,0x00000000d7080000)
  to   space 2560K, 0% used [0x00000000d7080000,0x00000000d7080000,0x00000000d7300000)
 ParOldGen       total 68608K, used 19126K [0x0000000080000000, 0x0000000084300000, 0x00000000d5580000)
  object space 68608K, 27% used [0x0000000080000000,0x00000000812ada20,0x0000000084300000)
 Metaspace       used 34916K, committed 35840K, reserved 1114112K
  class space    used 3579K, committed 3968K, reserved 1048576K
}
Event: 6.232 GC heap before
{Heap before GC invocations=15 (full 2):
 PSYoungGen      total 25600K, used 1536K [0x00000000d5580000, 0x00000000d7300000, 0x0000000100000000)
  eden space 22016K, 0% used [0x00000000d5580000,0x00000000d5580000,0x00000000d6b00000)
  from space 3584K, 42% used [0x00000000d6d00000,0x00000000d6e80000,0x00000000d7080000)
  to   space 2560K, 0% used [0x00000000d7080000,0x00000000d7080000,0x00000000d7300000)
 ParOldGen       total 68608K, used 19126K [0x0000000080000000, 0x0000000084300000, 0x00000000d5580000)
  object space 68608K, 27% used [0x0000000080000000,0x00000000812ada20,0x0000000084300000)
 Metaspace       used 34916K, committed 35840K, reserved 1114112K
  class space    used 3579K, committed 3968K, reserved 1048576K
}
Event: 6.263 GC heap after
{Heap after GC invocations=15 (full 2):
 PSYoungGen      total 25600K, used 0K [0x00000000d5580000, 0x00000000d7300000, 0x0000000100000000)
  eden space 22016K, 0% used [0x00000000d5580000,0x00000000d5580000,0x00000000d6b00000)
  from space 3584K, 0% used [0x00000000d6d00000,0x00000000d6d00000,0x00000000d7080000)
  to   space 2560K, 0% used [0x00000000d7080000,0x00000000d7080000,0x00000000d7300000)
 ParOldGen       total 68608K, used 19100K [0x0000000080000000, 0x0000000084300000, 0x00000000d5580000)
  object space 68608K, 27% used [0x0000000080000000,0x00000000812a73a0,0x0000000084300000)
 Metaspace       used 34912K, committed 35840K, reserved 1114112K
  class space    used 3578K, committed 3968K, reserved 1048576K
}
Event: 6.545 GC heap before
{Heap before GC invocations=16 (full 2):
 PSYoungGen      total 25600K, used 22016K [0x00000000d5580000, 0x00000000d7300000, 0x0000000100000000)
  eden space 22016K, 100% used [0x00000000d5580000,0x00000000d6b00000,0x00000000d6b00000)
  from space 3584K, 0% used [0x00000000d6d00000,0x00000000d6d00000,0x00000000d7080000)
  to   space 2560K, 0% used [0x00000000d7080000,0x00000000d7080000,0x00000000d7300000)
 ParOldGen       total 68608K, used 19100K [0x0000000080000000, 0x0000000084300000, 0x00000000d5580000)
  object space 68608K, 27% used [0x0000000080000000,0x00000000812a73a0,0x0000000084300000)
 Metaspace       used 37440K, committed 38464K, reserved 1114112K
  class space    used 3918K, committed 4352K, reserved 1048576K
}
Event: 6.547 GC heap after
{Heap after GC invocations=16 (full 2):
 PSYoungGen      total 23552K, used 1053K [0x00000000d5580000, 0x00000000d7200000, 0x0000000100000000)
  eden space 22016K, 0% used [0x00000000d5580000,0x00000000d5580000,0x00000000d6b00000)
  from space 1536K, 68% used [0x00000000d7080000,0x00000000d7187620,0x00000000d7200000)
  to   space 1536K, 0% used [0x00000000d6f00000,0x00000000d6f00000,0x00000000d7080000)
 ParOldGen       total 68608K, used 19108K [0x0000000080000000, 0x0000000084300000, 0x00000000d5580000)
  object space 68608K, 27% used [0x0000000080000000,0x00000000812a93a0,0x0000000084300000)
 Metaspace       used 37440K, committed 38464K, reserved 1114112K
  class space    used 3918K, committed 4352K, reserved 1048576K
}
Event: 6.836 GC heap before
{Heap before GC invocations=17 (full 2):
 PSYoungGen      total 23552K, used 23069K [0x00000000d5580000, 0x00000000d7200000, 0x0000000100000000)
  eden space 22016K, 100% used [0x00000000d5580000,0x00000000d6b00000,0x00000000d6b00000)
  from space 1536K, 68% used [0x00000000d7080000,0x00000000d7187620,0x00000000d7200000)
  to   space 1536K, 0% used [0x00000000d6f00000,0x00000000d6f00000,0x00000000d7080000)
 ParOldGen       total 68608K, used 19108K [0x0000000080000000, 0x0000000084300000, 0x00000000d5580000)
  object space 68608K, 27% used [0x0000000080000000,0x00000000812a93a0,0x0000000084300000)
 Metaspace       used 39311K, committed 40384K, reserved 1114112K
  class space    used 4151K, committed 4608K, reserved 1048576K
}
Event: 6.837 GC heap after
{Heap after GC invocations=17 (full 2):
 PSYoungGen      total 23040K, used 1024K [0x00000000d5580000, 0x00000000d7100000, 0x0000000100000000)
  eden space 22016K, 0% used [0x00000000d5580000,0x00000000d5580000,0x00000000d6b00000)
  from space 1024K, 100% used [0x00000000d6f00000,0x00000000d7000000,0x00000000d7000000)
  to   space 1024K, 0% used [0x00000000d7000000,0x00000000d7000000,0x00000000d7100000)
 ParOldGen       total 68608K, used 19844K [0x0000000080000000, 0x0000000084300000, 0x00000000d5580000)
  object space 68608K, 28% used [0x0000000080000000,0x00000000813613b0,0x0000000084300000)
 Metaspace       used 39311K, committed 40384K, reserved 1114112K
  class space    used 4151K, committed 4608K, reserved 1048576K
}
Event: 7.103 GC heap before
{Heap before GC invocations=18 (full 2):
 PSYoungGen      total 23040K, used 23040K [0x00000000d5580000, 0x00000000d7100000, 0x0000000100000000)
  eden space 22016K, 100% used [0x00000000d5580000,0x00000000d6b00000,0x00000000d6b00000)
  from space 1024K, 100% used [0x00000000d6f00000,0x00000000d7000000,0x00000000d7000000)
  to   space 1024K, 0% used [0x00000000d7000000,0x00000000d7000000,0x00000000d7100000)
 ParOldGen       total 68608K, used 19844K [0x0000000080000000, 0x0000000084300000, 0x00000000d5580000)
  object space 68608K, 28% used [0x0000000080000000,0x00000000813613b0,0x0000000084300000)
 Metaspace       used 41470K, committed 42432K, reserved 1114112K
  class space    used 4435K, committed 4864K, reserved 1048576K
}
Event: 7.105 GC heap after
{Heap after GC invocations=18 (full 2):
 PSYoungGen      total 23040K, used 960K [0x00000000d5580000, 0x00000000d7100000, 0x0000000100000000)
  eden space 22016K, 0% used [0x00000000d5580000,0x00000000d5580000,0x00000000d6b00000)
  from space 1024K, 93% used [0x00000000d7000000,0x00000000d70f0000,0x00000000d7100000)
  to   space 1024K, 0% used [0x00000000d6f00000,0x00000000d6f00000,0x00000000d7000000)
 ParOldGen       total 68608K, used 20676K [0x0000000080000000, 0x0000000084300000, 0x00000000d5580000)
  object space 68608K, 30% used [0x0000000080000000,0x00000000814313c0,0x0000000084300000)
 Metaspace       used 41470K, committed 42432K, reserved 1114112K
  class space    used 4435K, committed 4864K, reserved 1048576K
}
Event: 7.565 GC heap before
{Heap before GC invocations=19 (full 2):
 PSYoungGen      total 23040K, used 22976K [0x00000000d5580000, 0x00000000d7100000, 0x0000000100000000)
  eden space 22016K, 100% used [0x00000000d5580000,0x00000000d6b00000,0x00000000d6b00000)
  from space 1024K, 93% used [0x00000000d7000000,0x00000000d70f0000,0x00000000d7100000)
  to   space 1024K, 0% used [0x00000000d6f00000,0x00000000d6f00000,0x00000000d7000000)
 ParOldGen       total 68608K, used 20676K [0x0000000080000000, 0x0000000084300000, 0x00000000d5580000)
  object space 68608K, 30% used [0x0000000080000000,0x00000000814313c0,0x0000000084300000)
 Metaspace       used 43995K, committed 45056K, reserved 1114112K
  class space    used 4773K, committed 5248K, reserved 1048576K
}
Event: 7.568 GC heap after
{Heap after GC invocations=19 (full 2):
 PSYoungGen      total 23040K, used 1024K [0x00000000d5580000, 0x00000000d7080000, 0x0000000100000000)
  eden space 22016K, 0% used [0x00000000d5580000,0x00000000d5580000,0x00000000d6b00000)
  from space 1024K, 100% used [0x00000000d6f00000,0x00000000d7000000,0x00000000d7000000)
  to   space 512K, 0% used [0x00000000d7000000,0x00000000d7000000,0x00000000d7080000)
 ParOldGen       total 68608K, used 21756K [0x0000000080000000, 0x0000000084300000, 0x00000000d5580000)
  object space 68608K, 31% used [0x0000000080000000,0x000000008153f0e0,0x0000000084300000)
 Metaspace       used 43995K, committed 45056K, reserved 1114112K
  class space    used 4773K, committed 5248K, reserved 1048576K
}
Event: 8.069 GC heap before
{Heap before GC invocations=20 (full 2):
 PSYoungGen      total 23040K, used 23040K [0x00000000d5580000, 0x00000000d7080000, 0x0000000100000000)
  eden space 22016K, 100% used [0x00000000d5580000,0x00000000d6b00000,0x00000000d6b00000)
  from space 1024K, 100% used [0x00000000d6f00000,0x00000000d7000000,0x00000000d7000000)
  to   space 512K, 0% used [0x00000000d7000000,0x00000000d7000000,0x00000000d7080000)
 ParOldGen       total 68608K, used 21756K [0x0000000080000000, 0x0000000084300000, 0x00000000d5580000)
  object space 68608K, 31% used [0x0000000080000000,0x000000008153f0e0,0x0000000084300000)
 Metaspace       used 46658K, committed 47808K, reserved 1114112K
  class space    used 5094K, committed 5632K, reserved 1048576K
}
Event: 8.072 GC heap after
{Heap after GC invocations=20 (full 2):
 PSYoungGen      total 22528K, used 507K [0x00000000d5580000, 0x00000000d7080000, 0x0000000100000000)
  eden space 22016K, 0% used [0x00000000d5580000,0x00000000d5580000,0x00000000d6b00000)
  from space 512K, 99% used [0x00000000d7000000,0x00000000d707ee98,0x00000000d7080000)
  to   space 2560K, 0% used [0x00000000d6b80000,0x00000000d6b80000,0x00000000d6e00000)
 ParOldGen       total 68608K, used 23328K [0x0000000080000000, 0x0000000084300000, 0x00000000d5580000)
  object space 68608K, 34% used [0x0000000080000000,0x00000000816c82e0,0x0000000084300000)
 Metaspace       used 46658K, committed 47808K, reserved 1114112K
  class space    used 5094K, committed 5632K, reserved 1048576K
}
Event: 8.644 GC heap before
{Heap before GC invocations=21 (full 2):
 PSYoungGen      total 22528K, used 22523K [0x00000000d5580000, 0x00000000d7080000, 0x0000000100000000)
  eden space 22016K, 100% used [0x00000000d5580000,0x00000000d6b00000,0x00000000d6b00000)
  from space 512K, 99% used [0x00000000d7000000,0x00000000d707ee98,0x00000000d7080000)
  to   space 2560K, 0% used [0x00000000d6b80000,0x00000000d6b80000,0x00000000d6e00000)
 ParOldGen       total 68608K, used 23328K [0x0000000080000000, 0x0000000084300000, 0x00000000d5580000)
  object space 68608K, 34% used [0x0000000080000000,0x00000000816c82e0,0x0000000084300000)
 Metaspace       used 49007K, committed 50176K, reserved 1114112K
  class space    used 5382K, committed 5888K, reserved 1048576K
}
Event: 8.646 GC heap after
{Heap after GC invocations=21 (full 2):
 PSYoungGen      total 24576K, used 1081K [0x00000000d5580000, 0x00000000d7080000, 0x0000000100000000)
  eden space 22016K, 0% used [0x00000000d5580000,0x00000000d5580000,0x00000000d6b00000)
  from space 2560K, 42% used [0x00000000d6b80000,0x00000000d6c8e470,0x00000000d6e00000)
  to   space 1536K, 0% used [0x00000000d6f00000,0x00000000d6f00000,0x00000000d7080000)
 ParOldGen       total 68608K, used 23878K [0x0000000080000000, 0x0000000084300000, 0x00000000d5580000)
  object space 68608K, 34% used [0x0000000080000000,0x0000000081751838,0x0000000084300000)
 Metaspace       used 49007K, committed 50176K, reserved 1114112K
  class space    used 5382K, committed 5888K, reserved 1048576K
}

